<?xml version="1.0" encoding="UTF-8"?>
<!-- Generated by org.testng.reporters.JUnitXMLReporter -->
<testsuite ignored="0" hostname="jinto" failures="3" tests="4" name="Surefire test" time="7.753" errors="0" timestamp="2025-03-19T21:27:38 IST">
  <testcase classname="com.hexaclothes.HexaClothesAutomation.LoginTest" name="invalidEmailAndInvalidPassword" time="0.648">
    <failure type="java.lang.AssertionError" message="Test Failed: Login should have failed, but homepage loaded.">
      <![CDATA[java.lang.AssertionError: Test Failed: Login should have failed, but homepage loaded.
at com.hexaclothes.HexaClothesAutomation.LoginTest.invalidEmailAndInvalidPassword(LoginTest.java:85)
at java.base/java.util.ArrayList.forEach(ArrayList.java:1511)
... Removed 33 stack frames]]>
    </failure>
  </testcase> <!-- invalidEmailAndInvalidPassword -->
  <testcase classname="com.hexaclothes.HexaClothesAutomation.LoginTest" name="invalidEmailAndValidPassword" time="0.348">
    <failure type="java.lang.AssertionError" message="Test Failed: Login should have failed, but homepage loaded.">
      <![CDATA[java.lang.AssertionError: Test Failed: Login should have failed, but homepage loaded.
at com.hexaclothes.HexaClothesAutomation.LoginTest.invalidEmailAndValidPassword(LoginTest.java:50)
at java.base/java.util.ArrayList.forEach(ArrayList.java:1511)
... Removed 33 stack frames]]>
    </failure>
  </testcase> <!-- invalidEmailAndValidPassword -->
  <testcase classname="com.hexaclothes.HexaClothesAutomation.LoginTest" name="validEmailAndInvalidPassword" time="0.326">
    <failure type="java.lang.AssertionError" message="Test Failed: Login should have failed, but homepage loaded.">
      <![CDATA[java.lang.AssertionError: Test Failed: Login should have failed, but homepage loaded.
at com.hexaclothes.HexaClothesAutomation.LoginTest.validEmailAndInvalidPassword(LoginTest.java:67)
at java.base/java.util.ArrayList.forEach(ArrayList.java:1511)
... Removed 33 stack frames]]>
    </failure>
  </testcase> <!-- validEmailAndInvalidPassword -->
  <testcase classname="com.hexaclothes.HexaClothesAutomation.LoginTest" name="validUsernameAndValidPassword" time="0.528"/>
</testsuite> <!-- Surefire test -->
