<?xml version="1.0" encoding="UTF-8"?>
<!-- Generated by org.testng.reporters.JUnitXMLReporter -->
<testsuite ignored="0" hostname="jinto" failures="1" tests="6" name="Default test" time="6.551" errors="0" timestamp="2025-03-28T11:14:53 IST">
  <testcase classname="com.hexaclothes.HexaClothesAutomation.Login" name="@BeforeMethod clickOnLoginButtonToOpenLoginPage" time="1.085">
    <failure type="org.openqa.selenium.ElementClickInterceptedException" message="element click intercepted: Element &amp;lt;button class=&amp;quot;px-4 py-2 bg-orange-600 text-white rounded-full hover:bg-orange-500 transition-colors duration-300 shadow-md&amp;quot;&amp;gt;...&amp;lt;/button&amp;gt; is not clickable at point (1467, 20). Other element would receive the click: &amp;lt;div id=&amp;quot;1&amp;quot; data-in=&amp;quot;true&amp;quot; class=&amp;quot;Toastify__toast Toastify__toast-theme--light Toastify__toast--success&amp;quot;&amp;gt;...&amp;lt;/div&amp;gt;
  (Session info: chrome=134.0.6998.36)
Build info: version: &amp;apos;4.28.1&amp;apos;, revision: &amp;apos;73f5ad48a2&amp;apos;
System info: os.name: &amp;apos;Windows 11&amp;apos;, os.arch: &amp;apos;amd64&amp;apos;, os.version: &amp;apos;10.0&amp;apos;, java.version: &amp;apos;17.0.12&amp;apos;
Driver info: org.openqa.selenium.chrome.ChromeDriver
Command: [73f43e90b7afee7ba2d8f2a5edb71a33, clickElement {id=f.014D362DB32C694BFD7C318C60F12590.d.7F48E2F270B9E4888CFB8FAABDE78ACB.e.2}]
Capabilities {acceptInsecureCerts: false, browserName: chrome, browserVersion: 134.0.6998.36, chrome: {chromedriverVersion: 134.0.6998.165 (fd886e2cb29..., userDataDir: C:\Users\jinto\AppData\Loca...}, fedcm:accounts: true, goog:chromeOptions: {debuggerAddress: localhost:50807}, networkConnectionEnabled: false, pageLoadStrategy: normal, platformName: windows, proxy: Proxy(), se:cdp: ws://localhost:50807/devtoo..., se:cdpVersion: 134.0.6998.36, setWindowRect: true, strictFileInteractability: false, timeouts: {implicit: 0, pageLoad: 300000, script: 30000}, unhandledPromptBehavior: dismiss and notify, webauthn:extension:credBlob: true, webauthn:extension:largeBlob: true, webauthn:extension:minPinLength: true, webauthn:extension:prf: true, webauthn:virtualAuthenticators: true}
Element: [[ChromeDriver: chrome on windows (73f43e90b7afee7ba2d8f2a5edb71a33)] -&amp;gt; xpath: //button[text()= &amp;apos;Login&amp;apos;]]
Session ID: 73f43e90b7afee7ba2d8f2a5edb71a33">
      <![CDATA[org.openqa.selenium.ElementClickInterceptedException: element click intercepted: Element <button class="px-4 py-2 bg-orange-600 text-white rounded-full hover:bg-orange-500 transition-colors duration-300 shadow-md">...</button> is not clickable at point (1467, 20). Other element would receive the click: <div id="1" data-in="true" class="Toastify__toast Toastify__toast-theme--light Toastify__toast--success">...</div>
  (Session info: chrome=134.0.6998.36)
Build info: version: '4.28.1', revision: '73f5ad48a2'
System info: os.name: 'Windows 11', os.arch: 'amd64', os.version: '10.0', java.version: '17.0.12'
Driver info: org.openqa.selenium.chrome.ChromeDriver
Command: [73f43e90b7afee7ba2d8f2a5edb71a33, clickElement {id=f.014D362DB32C694BFD7C318C60F12590.d.7F48E2F270B9E4888CFB8FAABDE78ACB.e.2}]
Capabilities {acceptInsecureCerts: false, browserName: chrome, browserVersion: 134.0.6998.36, chrome: {chromedriverVersion: 134.0.6998.165 (fd886e2cb29..., userDataDir: C:\Users\jinto\AppData\Loca...}, fedcm:accounts: true, goog:chromeOptions: {debuggerAddress: localhost:50807}, networkConnectionEnabled: false, pageLoadStrategy: normal, platformName: windows, proxy: Proxy(), se:cdp: ws://localhost:50807/devtoo..., se:cdpVersion: 134.0.6998.36, setWindowRect: true, strictFileInteractability: false, timeouts: {implicit: 0, pageLoad: 300000, script: 30000}, unhandledPromptBehavior: dismiss and notify, webauthn:extension:credBlob: true, webauthn:extension:largeBlob: true, webauthn:extension:minPinLength: true, webauthn:extension:prf: true, webauthn:virtualAuthenticators: true}
Element: [[ChromeDriver: chrome on windows (73f43e90b7afee7ba2d8f2a5edb71a33)] -> xpath: //button[text()= 'Login']]
Session ID: 73f43e90b7afee7ba2d8f2a5edb71a33
at java.base/jdk.internal.reflect.NativeConstructorAccessorImpl.newInstance0(Native Method)
at java.base/jdk.internal.reflect.NativeConstructorAccessorImpl.newInstance(NativeConstructorAccessorImpl.java:77)
at java.base/jdk.internal.reflect.DelegatingConstructorAccessorImpl.newInstance(DelegatingConstructorAccessorImpl.java:45)
at java.base/java.lang.reflect.Constructor.newInstanceWithCaller(Constructor.java:499)
at java.base/java.lang.reflect.Constructor.newInstance(Constructor.java:480)
at org.openqa.selenium.remote.ErrorCodec.decode(ErrorCodec.java:167)
at org.openqa.selenium.remote.codec.w3c.W3CHttpResponseCodec.decode(W3CHttpResponseCodec.java:138)
at org.openqa.selenium.remote.codec.w3c.W3CHttpResponseCodec.decode(W3CHttpResponseCodec.java:50)
at org.openqa.selenium.remote.HttpCommandExecutor.execute(HttpCommandExecutor.java:215)
at org.openqa.selenium.remote.service.DriverCommandExecutor.invokeExecute(DriverCommandExecutor.java:216)
at org.openqa.selenium.remote.service.DriverCommandExecutor.execute(DriverCommandExecutor.java:174)
at org.openqa.selenium.remote.RemoteWebDriver.execute(RemoteWebDriver.java:545)
at org.openqa.selenium.remote.RemoteWebElement.execute(RemoteWebElement.java:223)
at org.openqa.selenium.remote.RemoteWebElement.click(RemoteWebElement.java:76)
at com.hexaclothes.HexaClothesAutomation.Login.clickOnLoginButtonToOpenLoginPage(Login.java:20)
at java.base/jdk.internal.reflect.NativeMethodAccessorImpl.invoke0(Native Method)
at java.base/jdk.internal.reflect.NativeMethodAccessorImpl.invoke(NativeMethodAccessorImpl.java:77)
at java.base/jdk.internal.reflect.DelegatingMethodAccessorImpl.invoke(DelegatingMethodAccessorImpl.java:43)
at java.base/java.lang.reflect.Method.invoke(Method.java:568)
at org.testng.internal.MethodInvocationHelper.invokeMethod(MethodInvocationHelper.java:133)
at org.testng.internal.MethodInvocationHelper.invokeMethodConsideringTimeout(MethodInvocationHelper.java:62)
at org.testng.internal.ConfigInvoker.invokeConfigurationMethod(ConfigInvoker.java:385)
at org.testng.internal.ConfigInvoker.invokeConfigurations(ConfigInvoker.java:321)
at org.testng.internal.TestInvoker.runConfigMethods(TestInvoker.java:700)
at org.testng.internal.TestInvoker.invokeMethod(TestInvoker.java:527)
at org.testng.internal.TestInvoker.invokeTestMethod(TestInvoker.java:173)
at org.testng.internal.MethodRunner.runInSequence(MethodRunner.java:46)
at org.testng.internal.TestInvoker$MethodInvocationAgent.invoke(TestInvoker.java:824)
at org.testng.internal.TestInvoker.invokeTestMethods(TestInvoker.java:146)
at org.testng.internal.TestMethodWorker.invokeTestMethods(TestMethodWorker.java:146)
at org.testng.internal.TestMethodWorker.run(TestMethodWorker.java:128)
at java.base/java.util.ArrayList.forEach(ArrayList.java:1511)
at org.testng.TestRunner.privateRun(TestRunner.java:794)
at org.testng.TestRunner.run(TestRunner.java:596)
at org.testng.SuiteRunner.runTest(SuiteRunner.java:377)
at org.testng.SuiteRunner.runSequentially(SuiteRunner.java:371)
at org.testng.SuiteRunner.privateRun(SuiteRunner.java:332)
at org.testng.SuiteRunner.run(SuiteRunner.java:276)
at org.testng.SuiteRunnerWorker.runSuite(SuiteRunnerWorker.java:53)
at org.testng.SuiteRunnerWorker.run(SuiteRunnerWorker.java:96)
at org.testng.TestNG.runSuitesSequentially(TestNG.java:1212)
at org.testng.TestNG.runSuitesLocally(TestNG.java:1134)
at org.testng.TestNG.runSuites(TestNG.java:1063)
at org.testng.TestNG.run(TestNG.java:1031)
at org.testng.remote.AbstractRemoteTestNG.run(AbstractRemoteTestNG.java:115)
at org.testng.remote.RemoteTestNG.initAndRun(RemoteTestNG.java:293)
at org.testng.remote.RemoteTestNG.main(RemoteTestNG.java:91)
]]>
    </failure>
  </testcase> <!-- @BeforeMethod clickOnLoginButtonToOpenLoginPage -->
  <testcase classname="com.hexaclothes.HexaClothesAutomation.Login" name="@AfterMethod logoutIfLoggedin" time="-1.74314069356E9">
    <skipped/>
  </testcase> <!-- @AfterMethod logoutIfLoggedin -->
  <testcase classname="com.hexaclothes.HexaClothesAutomation.Base" name="@AfterMethod takeScreenshotOnFailure" time="-1.743140693561E9">
    <skipped/>
  </testcase> <!-- @AfterMethod takeScreenshotOnFailure -->
  <testcase classname="com.hexaclothes.HexaClothesAutomation.Login" name="@BeforeMethod clickOnLoginButtonToOpenLoginPage" time="-1.743140693562E9">
    <skipped/>
  </testcase> <!-- @BeforeMethod clickOnLoginButtonToOpenLoginPage -->
  <testcase classname="com.hexaclothes.HexaClothesAutomation.Login" name="@AfterMethod logoutIfLoggedin" time="-1.743140693567E9">
    <skipped/>
  </testcase> <!-- @AfterMethod logoutIfLoggedin -->
  <testcase classname="com.hexaclothes.HexaClothesAutomation.Base" name="@AfterMethod takeScreenshotOnFailure" time="-1.743140693568E9">
    <skipped/>
  </testcase> <!-- @AfterMethod takeScreenshotOnFailure -->
  <testcase classname="com.hexaclothes.HexaClothesAutomation.Login" name="@BeforeMethod clickOnLoginButtonToOpenLoginPage" time="-1.743140693571E9">
    <skipped/>
  </testcase> <!-- @BeforeMethod clickOnLoginButtonToOpenLoginPage -->
  <testcase classname="com.hexaclothes.HexaClothesAutomation.Login" name="@AfterMethod logoutIfLoggedin" time="-1.743140693579E9">
    <skipped/>
  </testcase> <!-- @AfterMethod logoutIfLoggedin -->
  <testcase classname="com.hexaclothes.HexaClothesAutomation.Base" name="@AfterMethod takeScreenshotOnFailure" time="-1.74314069358E9">
    <skipped/>
  </testcase> <!-- @AfterMethod takeScreenshotOnFailure -->
  <testcase classname="com.hexaclothes.HexaClothesAutomation.Login" name="@BeforeMethod clickOnLoginButtonToOpenLoginPage" time="-1.743140693581E9">
    <skipped/>
  </testcase> <!-- @BeforeMethod clickOnLoginButtonToOpenLoginPage -->
  <testcase classname="com.hexaclothes.HexaClothesAutomation.Login" name="@AfterMethod logoutIfLoggedin" time="-1.743140693585E9">
    <skipped/>
  </testcase> <!-- @AfterMethod logoutIfLoggedin -->
  <testcase classname="com.hexaclothes.HexaClothesAutomation.Base" name="@AfterMethod takeScreenshotOnFailure" time="-1.743140693587E9">
    <skipped/>
  </testcase> <!-- @AfterMethod takeScreenshotOnFailure -->
  <testcase classname="com.hexaclothes.HexaClothesAutomation.Login" name="@BeforeMethod clickOnLoginButtonToOpenLoginPage" time="-1.743140693589E9">
    <skipped/>
  </testcase> <!-- @BeforeMethod clickOnLoginButtonToOpenLoginPage -->
  <testcase classname="com.hexaclothes.HexaClothesAutomation.Login" name="@AfterMethod logoutIfLoggedin" time="-1.743140693594E9">
    <skipped/>
  </testcase> <!-- @AfterMethod logoutIfLoggedin -->
  <testcase classname="com.hexaclothes.HexaClothesAutomation.Base" name="@AfterMethod takeScreenshotOnFailure" time="-1.743140693595E9">
    <skipped/>
  </testcase> <!-- @AfterMethod takeScreenshotOnFailure -->
  <testcase classname="com.hexaclothes.HexaClothesAutomation.Base" name="@AfterClass tearDown" time="-1.743140693596E9">
    <skipped/>
  </testcase> <!-- @AfterClass tearDown -->
  <testcase classname="com.hexaclothes.HexaClothesAutomation.CartAndPlaceorder" name="addProductsToCartAndPlaceorder" time="1.287">
    <failure type="java.lang.AssertionError" message="Test Failed: Order placement should have failed because the homepage loaded. expected [false] but found [true]">
      <![CDATA[java.lang.AssertionError: Test Failed: Order placement should have failed because the homepage loaded. expected [false] but found [true]
at org.testng.Assert.fail(Assert.java:99)
at org.testng.Assert.failNotEquals(Assert.java:1037)
at org.testng.Assert.assertFalse(Assert.java:67)
at com.hexaclothes.HexaClothesAutomation.CartAndPlaceorder.addProductsToCartAndPlaceorder(CartAndPlaceorder.java:66)
at java.base/jdk.internal.reflect.NativeMethodAccessorImpl.invoke0(Native Method)
at java.base/jdk.internal.reflect.NativeMethodAccessorImpl.invoke(NativeMethodAccessorImpl.java:77)
at java.base/jdk.internal.reflect.DelegatingMethodAccessorImpl.invoke(DelegatingMethodAccessorImpl.java:43)
at java.base/java.lang.reflect.Method.invoke(Method.java:568)
at org.testng.internal.MethodInvocationHelper.invokeMethod(MethodInvocationHelper.java:133)
at org.testng.internal.TestInvoker.invokeMethod(TestInvoker.java:598)
at org.testng.internal.TestInvoker.invokeTestMethod(TestInvoker.java:173)
at org.testng.internal.MethodRunner.runInSequence(MethodRunner.java:46)
at org.testng.internal.TestInvoker$MethodInvocationAgent.invoke(TestInvoker.java:824)
at org.testng.internal.TestInvoker.invokeTestMethods(TestInvoker.java:146)
at org.testng.internal.TestMethodWorker.invokeTestMethods(TestMethodWorker.java:146)
at org.testng.internal.TestMethodWorker.run(TestMethodWorker.java:128)
at java.base/java.util.ArrayList.forEach(ArrayList.java:1511)
at org.testng.TestRunner.privateRun(TestRunner.java:794)
at org.testng.TestRunner.run(TestRunner.java:596)
at org.testng.SuiteRunner.runTest(SuiteRunner.java:377)
at org.testng.SuiteRunner.runSequentially(SuiteRunner.java:371)
at org.testng.SuiteRunner.privateRun(SuiteRunner.java:332)
at org.testng.SuiteRunner.run(SuiteRunner.java:276)
at org.testng.SuiteRunnerWorker.runSuite(SuiteRunnerWorker.java:53)
at org.testng.SuiteRunnerWorker.run(SuiteRunnerWorker.java:96)
at org.testng.TestNG.runSuitesSequentially(TestNG.java:1212)
at org.testng.TestNG.runSuitesLocally(TestNG.java:1134)
at org.testng.TestNG.runSuites(TestNG.java:1063)
at org.testng.TestNG.run(TestNG.java:1031)
at org.testng.remote.AbstractRemoteTestNG.run(AbstractRemoteTestNG.java:115)
at org.testng.remote.RemoteTestNG.initAndRun(RemoteTestNG.java:293)
at org.testng.remote.RemoteTestNG.main(RemoteTestNG.java:91)
]]>
    </failure>
  </testcase> <!-- addProductsToCartAndPlaceorder -->
  <testcase classname="com.hexaclothes.HexaClothesAutomation.CartAndPlaceorder" name="loginWithValidCredentials" time="0.0">
    <skipped/>
  </testcase> <!-- loginWithValidCredentials -->
  <testcase classname="com.hexaclothes.HexaClothesAutomation.Login" name="invalidEmailAndInvalidPassword" time="0.0">
    <skipped/>
  </testcase> <!-- invalidEmailAndInvalidPassword -->
  <testcase classname="com.hexaclothes.HexaClothesAutomation.Login" name="invalidEmailAndValidPassword" time="0.0">
    <skipped/>
  </testcase> <!-- invalidEmailAndValidPassword -->
  <testcase classname="com.hexaclothes.HexaClothesAutomation.Login" name="validEmailAndInvalidPassword" time="0.0">
    <skipped/>
  </testcase> <!-- validEmailAndInvalidPassword -->
  <testcase classname="com.hexaclothes.HexaClothesAutomation.Login" name="validUsernameAndValidPassword" time="0.0">
    <skipped/>
  </testcase> <!-- validUsernameAndValidPassword -->
</testsuite> <!-- Default test -->
