<?xml version="1.0" encoding="UTF-8"?>
<testng-results ignored="0" total="4" passed="1" failed="3" skipped="0">
  <reporter-output>
  </reporter-output>
  <suite started-at="2025-03-19T21:27:30 IST" name="Surefire suite" finished-at="2025-03-19T21:27:37 IST" duration-ms="7753">
    <groups>
    </groups>
    <test started-at="2025-03-19T21:27:30 IST" name="Surefire test" finished-at="2025-03-19T21:27:37 IST" duration-ms="7753">
      <class name="com.hexaclothes.HexaClothesAutomation.LoginTest">
        <test-method is-config="true" signature="setup(java.lang.String)[pri:0, instance:com.hexaclothes.HexaClothesAutomation.LoginTest@6ce139a4]" started-at="2025-03-19T21:27:30 IST" name="setup" finished-at="2025-03-19T21:27:34 IST" duration-ms="3752" status="PASS">
          <params>
            <param index="0">
              <value>
                <![CDATA[chrome]]>
              </value>
            </param>
          </params>
          <reporter-output>
          </reporter-output>
        </test-method> <!-- setup -->
        <test-method is-config="true" signature="clickOnLoginButtonToOpenLoginPage()[pri:0, instance:com.hexaclothes.HexaClothesAutomation.LoginTest@6ce139a4]" started-at="2025-03-19T21:27:34 IST" name="clickOnLoginButtonToOpenLoginPage" finished-at="2025-03-19T21:27:34 IST" duration-ms="224" status="PASS">
          <reporter-output>
          </reporter-output>
        </test-method> <!-- clickOnLoginButtonToOpenLoginPage -->
        <test-method signature="invalidEmailAndInvalidPassword()[pri:0, instance:com.hexaclothes.HexaClothesAutomation.LoginTest@6ce139a4]" started-at="2025-03-19T21:27:34 IST" name="invalidEmailAndInvalidPassword" finished-at="2025-03-19T21:27:34 IST" duration-ms="648" status="FAIL">
          <exception class="java.lang.AssertionError">
            <message>
              <![CDATA[Test Failed: Login should have failed, but homepage loaded.]]>
            </message>
            <full-stacktrace>
              <![CDATA[java.lang.AssertionError: Test Failed: Login should have failed, but homepage loaded.
at org.testng.Assert.fail(Assert.java:111)
at com.hexaclothes.HexaClothesAutomation.LoginTest.invalidEmailAndInvalidPassword(LoginTest.java:85)
at java.base/jdk.internal.reflect.NativeMethodAccessorImpl.invoke0(Native Method)
at java.base/jdk.internal.reflect.NativeMethodAccessorImpl.invoke(NativeMethodAccessorImpl.java:77)
at java.base/jdk.internal.reflect.DelegatingMethodAccessorImpl.invoke(DelegatingMethodAccessorImpl.java:43)
at java.base/java.lang.reflect.Method.invoke(Method.java:568)
at org.testng.internal.invokers.MethodInvocationHelper.invokeMethod(MethodInvocationHelper.java:139)
at org.testng.internal.invokers.TestInvoker.invokeMethod(TestInvoker.java:664)
at org.testng.internal.invokers.TestInvoker.invokeTestMethod(TestInvoker.java:227)
at org.testng.internal.invokers.MethodRunner.runInSequence(MethodRunner.java:50)
at org.testng.internal.invokers.TestInvoker$MethodInvocationAgent.invoke(TestInvoker.java:957)
at org.testng.internal.invokers.TestInvoker.invokeTestMethods(TestInvoker.java:200)
at org.testng.internal.invokers.TestMethodWorker.invokeTestMethods(TestMethodWorker.java:148)
at org.testng.internal.invokers.TestMethodWorker.run(TestMethodWorker.java:128)
at java.base/java.util.ArrayList.forEach(ArrayList.java:1511)
at org.testng.TestRunner.privateRun(TestRunner.java:848)
at org.testng.TestRunner.run(TestRunner.java:621)
at org.testng.SuiteRunner.runTest(SuiteRunner.java:443)
at org.testng.SuiteRunner.runSequentially(SuiteRunner.java:437)
at org.testng.SuiteRunner.privateRun(SuiteRunner.java:397)
at org.testng.SuiteRunner.run(SuiteRunner.java:336)
at org.testng.SuiteRunnerWorker.runSuite(SuiteRunnerWorker.java:52)
at org.testng.SuiteRunnerWorker.run(SuiteRunnerWorker.java:95)
at org.testng.TestNG.runSuitesSequentially(TestNG.java:1280)
at org.testng.TestNG.runSuitesLocally(TestNG.java:1200)
at org.testng.TestNG.runSuites(TestNG.java:1114)
at org.testng.TestNG.run(TestNG.java:1082)
at org.apache.maven.surefire.testng.TestNGExecutor.run(TestNGExecutor.java:155)
at org.apache.maven.surefire.testng.TestNGDirectoryTestSuite.executeMulti(TestNGDirectoryTestSuite.java:169)
at org.apache.maven.surefire.testng.TestNGDirectoryTestSuite.execute(TestNGDirectoryTestSuite.java:88)
at org.apache.maven.surefire.testng.TestNGProvider.invoke(TestNGProvider.java:137)
at org.apache.maven.surefire.booter.ForkedBooter.runSuitesInProcess(ForkedBooter.java:385)
at org.apache.maven.surefire.booter.ForkedBooter.execute(ForkedBooter.java:162)
at org.apache.maven.surefire.booter.ForkedBooter.run(ForkedBooter.java:507)
at org.apache.maven.surefire.booter.ForkedBooter.main(ForkedBooter.java:495)
]]>
            </full-stacktrace>
          </exception> <!-- java.lang.AssertionError -->
          <reporter-output>
          </reporter-output>
        </test-method> <!-- invalidEmailAndInvalidPassword -->
        <test-method is-config="true" signature="tologout()[pri:0, instance:com.hexaclothes.HexaClothesAutomation.LoginTest@6ce139a4]" started-at="2025-03-19T21:27:34 IST" name="tologout" finished-at="2025-03-19T21:27:35 IST" duration-ms="127" status="PASS">
          <reporter-output>
          </reporter-output>
        </test-method> <!-- tologout -->
        <test-method is-config="true" signature="takeScreenshotOnFailure(org.testng.ITestResult)[pri:0, instance:com.hexaclothes.HexaClothesAutomation.LoginTest@6ce139a4]" started-at="2025-03-19T21:27:35 IST" name="takeScreenshotOnFailure" finished-at="2025-03-19T21:27:35 IST" duration-ms="422" status="PASS">
          <params>
            <param index="0">
              <value>
                <![CDATA[[TestResult name=invalidEmailAndInvalidPassword status=FAILURE method=LoginTest.invalidEmailAndInvalidPassword()[pri:0, instance:com.hexaclothes.HexaClothesAutomation.LoginTest@6ce139a4] output={null}]]]>
              </value>
            </param>
          </params>
          <reporter-output>
          </reporter-output>
        </test-method> <!-- takeScreenshotOnFailure -->
        <test-method is-config="true" signature="clickOnLoginButtonToOpenLoginPage()[pri:0, instance:com.hexaclothes.HexaClothesAutomation.LoginTest@6ce139a4]" started-at="2025-03-19T21:27:35 IST" name="clickOnLoginButtonToOpenLoginPage" finished-at="2025-03-19T21:27:35 IST" duration-ms="80" status="PASS">
          <reporter-output>
          </reporter-output>
        </test-method> <!-- clickOnLoginButtonToOpenLoginPage -->
        <test-method signature="invalidEmailAndValidPassword()[pri:0, instance:com.hexaclothes.HexaClothesAutomation.LoginTest@6ce139a4]" started-at="2025-03-19T21:27:35 IST" name="invalidEmailAndValidPassword" finished-at="2025-03-19T21:27:35 IST" duration-ms="348" status="FAIL">
          <exception class="java.lang.AssertionError">
            <message>
              <![CDATA[Test Failed: Login should have failed, but homepage loaded.]]>
            </message>
            <full-stacktrace>
              <![CDATA[java.lang.AssertionError: Test Failed: Login should have failed, but homepage loaded.
at org.testng.Assert.fail(Assert.java:111)
at com.hexaclothes.HexaClothesAutomation.LoginTest.invalidEmailAndValidPassword(LoginTest.java:50)
at java.base/jdk.internal.reflect.NativeMethodAccessorImpl.invoke0(Native Method)
at java.base/jdk.internal.reflect.NativeMethodAccessorImpl.invoke(NativeMethodAccessorImpl.java:77)
at java.base/jdk.internal.reflect.DelegatingMethodAccessorImpl.invoke(DelegatingMethodAccessorImpl.java:43)
at java.base/java.lang.reflect.Method.invoke(Method.java:568)
at org.testng.internal.invokers.MethodInvocationHelper.invokeMethod(MethodInvocationHelper.java:139)
at org.testng.internal.invokers.TestInvoker.invokeMethod(TestInvoker.java:664)
at org.testng.internal.invokers.TestInvoker.invokeTestMethod(TestInvoker.java:227)
at org.testng.internal.invokers.MethodRunner.runInSequence(MethodRunner.java:50)
at org.testng.internal.invokers.TestInvoker$MethodInvocationAgent.invoke(TestInvoker.java:957)
at org.testng.internal.invokers.TestInvoker.invokeTestMethods(TestInvoker.java:200)
at org.testng.internal.invokers.TestMethodWorker.invokeTestMethods(TestMethodWorker.java:148)
at org.testng.internal.invokers.TestMethodWorker.run(TestMethodWorker.java:128)
at java.base/java.util.ArrayList.forEach(ArrayList.java:1511)
at org.testng.TestRunner.privateRun(TestRunner.java:848)
at org.testng.TestRunner.run(TestRunner.java:621)
at org.testng.SuiteRunner.runTest(SuiteRunner.java:443)
at org.testng.SuiteRunner.runSequentially(SuiteRunner.java:437)
at org.testng.SuiteRunner.privateRun(SuiteRunner.java:397)
at org.testng.SuiteRunner.run(SuiteRunner.java:336)
at org.testng.SuiteRunnerWorker.runSuite(SuiteRunnerWorker.java:52)
at org.testng.SuiteRunnerWorker.run(SuiteRunnerWorker.java:95)
at org.testng.TestNG.runSuitesSequentially(TestNG.java:1280)
at org.testng.TestNG.runSuitesLocally(TestNG.java:1200)
at org.testng.TestNG.runSuites(TestNG.java:1114)
at org.testng.TestNG.run(TestNG.java:1082)
at org.apache.maven.surefire.testng.TestNGExecutor.run(TestNGExecutor.java:155)
at org.apache.maven.surefire.testng.TestNGDirectoryTestSuite.executeMulti(TestNGDirectoryTestSuite.java:169)
at org.apache.maven.surefire.testng.TestNGDirectoryTestSuite.execute(TestNGDirectoryTestSuite.java:88)
at org.apache.maven.surefire.testng.TestNGProvider.invoke(TestNGProvider.java:137)
at org.apache.maven.surefire.booter.ForkedBooter.runSuitesInProcess(ForkedBooter.java:385)
at org.apache.maven.surefire.booter.ForkedBooter.execute(ForkedBooter.java:162)
at org.apache.maven.surefire.booter.ForkedBooter.run(ForkedBooter.java:507)
at org.apache.maven.surefire.booter.ForkedBooter.main(ForkedBooter.java:495)
]]>
            </full-stacktrace>
          </exception> <!-- java.lang.AssertionError -->
          <reporter-output>
          </reporter-output>
        </test-method> <!-- invalidEmailAndValidPassword -->
        <test-method is-config="true" signature="tologout()[pri:0, instance:com.hexaclothes.HexaClothesAutomation.LoginTest@6ce139a4]" started-at="2025-03-19T21:27:35 IST" name="tologout" finished-at="2025-03-19T21:27:35 IST" duration-ms="55" status="PASS">
          <reporter-output>
          </reporter-output>
        </test-method> <!-- tologout -->
        <test-method is-config="true" signature="takeScreenshotOnFailure(org.testng.ITestResult)[pri:0, instance:com.hexaclothes.HexaClothesAutomation.LoginTest@6ce139a4]" started-at="2025-03-19T21:27:35 IST" name="takeScreenshotOnFailure" finished-at="2025-03-19T21:27:36 IST" duration-ms="187" status="PASS">
          <params>
            <param index="0">
              <value>
                <![CDATA[[TestResult name=invalidEmailAndValidPassword status=FAILURE method=LoginTest.invalidEmailAndValidPassword()[pri:0, instance:com.hexaclothes.HexaClothesAutomation.LoginTest@6ce139a4] output={null}]]]>
              </value>
            </param>
          </params>
          <reporter-output>
          </reporter-output>
        </test-method> <!-- takeScreenshotOnFailure -->
        <test-method is-config="true" signature="clickOnLoginButtonToOpenLoginPage()[pri:0, instance:com.hexaclothes.HexaClothesAutomation.LoginTest@6ce139a4]" started-at="2025-03-19T21:27:36 IST" name="clickOnLoginButtonToOpenLoginPage" finished-at="2025-03-19T21:27:36 IST" duration-ms="84" status="PASS">
          <reporter-output>
          </reporter-output>
        </test-method> <!-- clickOnLoginButtonToOpenLoginPage -->
        <test-method signature="validEmailAndInvalidPassword()[pri:0, instance:com.hexaclothes.HexaClothesAutomation.LoginTest@6ce139a4]" started-at="2025-03-19T21:27:36 IST" name="validEmailAndInvalidPassword" finished-at="2025-03-19T21:27:36 IST" duration-ms="326" status="FAIL">
          <exception class="java.lang.AssertionError">
            <message>
              <![CDATA[Test Failed: Login should have failed, but homepage loaded.]]>
            </message>
            <full-stacktrace>
              <![CDATA[java.lang.AssertionError: Test Failed: Login should have failed, but homepage loaded.
at org.testng.Assert.fail(Assert.java:111)
at com.hexaclothes.HexaClothesAutomation.LoginTest.validEmailAndInvalidPassword(LoginTest.java:67)
at java.base/jdk.internal.reflect.NativeMethodAccessorImpl.invoke0(Native Method)
at java.base/jdk.internal.reflect.NativeMethodAccessorImpl.invoke(NativeMethodAccessorImpl.java:77)
at java.base/jdk.internal.reflect.DelegatingMethodAccessorImpl.invoke(DelegatingMethodAccessorImpl.java:43)
at java.base/java.lang.reflect.Method.invoke(Method.java:568)
at org.testng.internal.invokers.MethodInvocationHelper.invokeMethod(MethodInvocationHelper.java:139)
at org.testng.internal.invokers.TestInvoker.invokeMethod(TestInvoker.java:664)
at org.testng.internal.invokers.TestInvoker.invokeTestMethod(TestInvoker.java:227)
at org.testng.internal.invokers.MethodRunner.runInSequence(MethodRunner.java:50)
at org.testng.internal.invokers.TestInvoker$MethodInvocationAgent.invoke(TestInvoker.java:957)
at org.testng.internal.invokers.TestInvoker.invokeTestMethods(TestInvoker.java:200)
at org.testng.internal.invokers.TestMethodWorker.invokeTestMethods(TestMethodWorker.java:148)
at org.testng.internal.invokers.TestMethodWorker.run(TestMethodWorker.java:128)
at java.base/java.util.ArrayList.forEach(ArrayList.java:1511)
at org.testng.TestRunner.privateRun(TestRunner.java:848)
at org.testng.TestRunner.run(TestRunner.java:621)
at org.testng.SuiteRunner.runTest(SuiteRunner.java:443)
at org.testng.SuiteRunner.runSequentially(SuiteRunner.java:437)
at org.testng.SuiteRunner.privateRun(SuiteRunner.java:397)
at org.testng.SuiteRunner.run(SuiteRunner.java:336)
at org.testng.SuiteRunnerWorker.runSuite(SuiteRunnerWorker.java:52)
at org.testng.SuiteRunnerWorker.run(SuiteRunnerWorker.java:95)
at org.testng.TestNG.runSuitesSequentially(TestNG.java:1280)
at org.testng.TestNG.runSuitesLocally(TestNG.java:1200)
at org.testng.TestNG.runSuites(TestNG.java:1114)
at org.testng.TestNG.run(TestNG.java:1082)
at org.apache.maven.surefire.testng.TestNGExecutor.run(TestNGExecutor.java:155)
at org.apache.maven.surefire.testng.TestNGDirectoryTestSuite.executeMulti(TestNGDirectoryTestSuite.java:169)
at org.apache.maven.surefire.testng.TestNGDirectoryTestSuite.execute(TestNGDirectoryTestSuite.java:88)
at org.apache.maven.surefire.testng.TestNGProvider.invoke(TestNGProvider.java:137)
at org.apache.maven.surefire.booter.ForkedBooter.runSuitesInProcess(ForkedBooter.java:385)
at org.apache.maven.surefire.booter.ForkedBooter.execute(ForkedBooter.java:162)
at org.apache.maven.surefire.booter.ForkedBooter.run(ForkedBooter.java:507)
at org.apache.maven.surefire.booter.ForkedBooter.main(ForkedBooter.java:495)
]]>
            </full-stacktrace>
          </exception> <!-- java.lang.AssertionError -->
          <reporter-output>
          </reporter-output>
        </test-method> <!-- validEmailAndInvalidPassword -->
        <test-method is-config="true" signature="tologout()[pri:0, instance:com.hexaclothes.HexaClothesAutomation.LoginTest@6ce139a4]" started-at="2025-03-19T21:27:36 IST" name="tologout" finished-at="2025-03-19T21:27:36 IST" duration-ms="87" status="PASS">
          <reporter-output>
          </reporter-output>
        </test-method> <!-- tologout -->
        <test-method is-config="true" signature="takeScreenshotOnFailure(org.testng.ITestResult)[pri:0, instance:com.hexaclothes.HexaClothesAutomation.LoginTest@6ce139a4]" started-at="2025-03-19T21:27:36 IST" name="takeScreenshotOnFailure" finished-at="2025-03-19T21:27:36 IST" duration-ms="212" status="PASS">
          <params>
            <param index="0">
              <value>
                <![CDATA[[TestResult name=validEmailAndInvalidPassword status=FAILURE method=LoginTest.validEmailAndInvalidPassword()[pri:0, instance:com.hexaclothes.HexaClothesAutomation.LoginTest@6ce139a4] output={null}]]]>
              </value>
            </param>
          </params>
          <reporter-output>
          </reporter-output>
        </test-method> <!-- takeScreenshotOnFailure -->
        <test-method is-config="true" signature="clickOnLoginButtonToOpenLoginPage()[pri:0, instance:com.hexaclothes.HexaClothesAutomation.LoginTest@6ce139a4]" started-at="2025-03-19T21:27:36 IST" name="clickOnLoginButtonToOpenLoginPage" finished-at="2025-03-19T21:27:37 IST" duration-ms="142" status="PASS">
          <reporter-output>
          </reporter-output>
        </test-method> <!-- clickOnLoginButtonToOpenLoginPage -->
        <test-method signature="validUsernameAndValidPassword()[pri:0, instance:com.hexaclothes.HexaClothesAutomation.LoginTest@6ce139a4]" started-at="2025-03-19T21:27:37 IST" name="validUsernameAndValidPassword" finished-at="2025-03-19T21:27:37 IST" duration-ms="528" status="PASS">
          <reporter-output>
          </reporter-output>
        </test-method> <!-- validUsernameAndValidPassword -->
        <test-method is-config="true" signature="tologout()[pri:0, instance:com.hexaclothes.HexaClothesAutomation.LoginTest@6ce139a4]" started-at="2025-03-19T21:27:37 IST" name="tologout" finished-at="2025-03-19T21:27:37 IST" duration-ms="83" status="PASS">
          <reporter-output>
          </reporter-output>
        </test-method> <!-- tologout -->
        <test-method is-config="true" signature="takeScreenshotOnFailure(org.testng.ITestResult)[pri:0, instance:com.hexaclothes.HexaClothesAutomation.LoginTest@6ce139a4]" started-at="2025-03-19T21:27:37 IST" name="takeScreenshotOnFailure" finished-at="2025-03-19T21:27:37 IST" duration-ms="1" status="PASS">
          <params>
            <param index="0">
              <value>
                <![CDATA[[TestResult name=validUsernameAndValidPassword status=SUCCESS method=LoginTest.validUsernameAndValidPassword()[pri:0, instance:com.hexaclothes.HexaClothesAutomation.LoginTest@6ce139a4] output={null}]]]>
              </value>
            </param>
          </params>
          <reporter-output>
          </reporter-output>
        </test-method> <!-- takeScreenshotOnFailure -->
        <test-method is-config="true" signature="tearDown()[pri:0, instance:com.hexaclothes.HexaClothesAutomation.LoginTest@6ce139a4]" started-at="2025-03-19T21:27:37 IST" name="tearDown" finished-at="2025-03-19T21:27:37 IST" duration-ms="360" status="PASS">
          <reporter-output>
          </reporter-output>
        </test-method> <!-- tearDown -->
      </class> <!-- com.hexaclothes.HexaClothesAutomation.LoginTest -->
    </test> <!-- Surefire test -->
  </suite> <!-- Surefire suite -->
</testng-results>
