<?xml version="1.0" encoding="UTF-8"?>
<!-- Generated by org.testng.reporters.JUnitXMLReporter -->
<testsuite ignored="0" hostname="jinto" failures="1" tests="2" name="CartAndPlaceorder" time="11.87" errors="0" timestamp="2025-03-28T09:03:31 IST">
  <testcase classname="com.hexaclothes.HexaClothesAutomation.CartAndPlaceorder" name="addProductsToCartAndPlaceorder" time="3.536">
    <failure type="java.lang.AssertionError" message="Test Failed: Order placement should have failed because the homepage loaded. expected [false] but found [true]">
      <![CDATA[java.lang.AssertionError: Test Failed: Order placement should have failed because the homepage loaded. expected [false] but found [true]
at com.hexaclothes.HexaClothesAutomation.CartAndPlaceorder.addProductsToCartAndPlaceorder(CartAndPlaceorder.java:62)
at java.base/java.util.ArrayList.forEach(ArrayList.java:1511)
at java.base/java.util.concurrent.FutureTask.run(FutureTask.java:264)
at java.base/java.util.concurrent.ThreadPoolExecutor.runWorker(ThreadPoolExecutor.java:1136)
at java.base/java.util.concurrent.ThreadPoolExecutor$Worker.run(ThreadPoolExecutor.java:635)
at java.base/java.lang.Thread.run(Thread.java:842)
... Removed 21 stack frames]]>
    </failure>
  </testcase> <!-- addProductsToCartAndPlaceorder -->
  <testcase classname="com.hexaclothes.HexaClothesAutomation.CartAndPlaceorder" name="loginWithValidCredentials" time="0.726"/>
</testsuite> <!-- CartAndPlaceorder -->
